<?xml version="1.0" encoding="UTF-8"?>
<!-- Generated by org.testng.reporters.JUnitReportReporter -->
<testsuite hostname="DESKTOP-O12VEFQ" failures="0" tests="1" name="testNGTutorial.ErrorValidations" time="15.842" errors="0" timestamp="2024-11-01T01:30:00 GMT-07:00" skipped="0">
  <testcase classname="testNGTutorial.ErrorValidations" name="loginErrorValidation" time="15.842"/>
</testsuite> <!-- testNGTutorial.ErrorValidations -->
