<?xml version="1.0" encoding="UTF-8"?>
<!-- Generated by org.testng.reporters.JUnitReportReporter -->
<testsuite hostname="DESKTOP-O12VEFQ" failures="0" tests="2" name="testNGTutorial.SubmitOrderTest" time="28.906" errors="0" timestamp="2024-11-01T01:30:00 GMT-07:00" skipped="0">
  <testcase classname="testNGTutorial.SubmitOrderTest" name="submitOrder" time="14.438"/>
  <testcase classname="testNGTutorial.SubmitOrderTest" name="OrderHistoryTest" time="14.468"/>
</testsuite> <!-- testNGTutorial.SubmitOrderTest -->
